CO STARTING
   TITLEONE my_site
   MODELOPT CONC FLAT
   AVERTIME PERIOD
   POLLUTID VOC
   RUNORNOT RUN
CO FINISHED

SO STARTING
   LOCATION STCK36       POINT      200384.000  1941425.984          0.0
   SRCPARAM STCK36             1.0     4.000     0.000   0.01000     0.010
   SRCGROUP ALL
SO FINISHED

RE STARTING
   GRIDCART UCART1 STA
                    XYINC 198896.00 120 30.00 1939918.00 75 30.00
   GRIDCART UCART1 END
RE FINISHED

ME STARTING
   SURFFILE aermet_pash_20202_02_26.SFC
   PROFFILE aermet_pash_20202_02_26.PFL
   SURFDATA 12365 2020
   UAIRDATA 12365 2020
   PROFBASE 500.0 METERS
   STARTEND 2020 2 27 1 2020 2 27 2
ME FINISHED

OU STARTING
OU FINISHED

 ***********************************
 *** SETUP Finishes Successfully ***
 ***********************************

 *** AERMOD - VERSION  19191 ***   *** my_site                                                              ***        01/19/21
 *** AERMET - VERSION  14134 ***   ***                                                                      ***        15:29:59
                                                                                                                       PAGE   1
 *** MODELOPTs:    NonDFAULT  CONC  FLAT  RURAL

                                    *** UP TO THE FIRST 24 HOURS OF METEOROLOGICAL DATA ***

   Surface file:   aermet_pash_20202_02_26.SFC                                                        Met Version:  14134
   Profile file:   aermet_pash_20202_02_26.PFL                                                     
   Surface format: FREE                                                                                                     
   Profile format: FREE                                                                                                     
   Surface station no.:    12365                  Upper air station no.:    12365
                  Name: UNKNOWN                                    Name: UNKNOWN                                 
                  Year:   2020                                     Year:   2020

 First 24 hours of scalar data
 YR MO DY JDY HR     H0     U*     W*  DT/DZ ZICNV ZIMCH  M-O LEN    Z0  BOWEN ALBEDO  REF WS   WD     HT  REF TA     HT
- - - - - - - - - - - - - - - - - - - - - - - - - - - - - - - - - - - - - - - - - - - - - - - - - - - - - - - - - - - - - 
 20 02 26  57 01  -10.6  0.130 -9.000 -9.000 -999.  113.     17.7  1.00   1.62   1.00    1.50  271.   10.0  294.8    2.0
 20 02 26  57 02   -4.3  0.087 -9.000 -9.000 -999.   62.     12.9  1.00   1.62   0.59    1.00  338.   10.0  294.2    2.0
 20 02 26  57 03   55.2  0.315  0.434  0.005   50.  424.    -47.8  1.00   1.62   0.30    1.50  330.   10.0  293.9    2.0
 20 02 26  57 04  144.7  0.347  1.224  0.005  428.  490.    -24.3  1.00   1.62   0.23    1.50  352.   10.0  293.2    2.0
 20 02 26  57 05  215.7  0.281  1.587  0.005  628.  359.     -8.7  1.00   1.62   0.21    1.00  265.   10.0  293.0    2.0
 20 02 26  57 06  257.2  0.287  1.853  0.005  838.  369.     -7.8  1.00   1.62   0.21    1.00  360.   10.0  292.2    2.0
 20 02 26  57 07  279.7  0.290  2.053  0.005 1049.  374.     -7.3  1.00   1.62   0.21    1.00    3.   10.0  292.1    2.0
 20 02 26  57 08  289.4  0.375  2.218  0.005 1279.  551.    -15.4  1.00   1.62   0.21    1.50    2.   10.0  292.2    2.0
 20 02 26  57 09  259.2  0.465  2.268  0.005 1531.  760.    -32.8  1.00   1.62   0.21    2.10   69.   10.0  294.6    2.0
 20 02 26  57 10  203.1  0.843  2.306  0.005 2054. 1857.   -250.1  1.00   1.62   0.21    4.60   71.   10.0  296.9    2.0
 20 02 26  57 11  128.6  0.748  2.099  0.005 2444. 1570.   -276.1  1.00   1.62   0.23    4.10   70.   10.0  298.0    2.0
 20 02 26  57 12   65.6  0.650  1.757  0.005 2806. 1275.   -355.2  1.00   1.62   0.30    3.60  100.   10.0  299.1    2.0
 20 02 26  57 13  -20.7  0.519 -9.000 -9.000 -999.  917.    569.9  1.00   1.62   0.58    3.10  108.   10.0  300.0    2.0
 20 02 26  57 14  -24.9  0.287 -9.000 -9.000 -999.  427.     80.4  1.00   1.62   1.00    2.10  131.   10.0  301.0    2.0
 20 02 26  57 15  -25.6  0.282 -9.000 -9.000 -999.  360.     73.7  1.00   1.62   1.00    2.10  126.   10.0  301.5    2.0
 20 02 26  57 16  -37.5  0.387 -9.000 -9.000 -999.  578.    130.8  1.00   1.62   1.00    2.60   82.   10.0  301.5    2.0
 20 02 26  57 17  -26.2  0.277 -9.000 -9.000 -999.  357.     68.6  1.00   1.62   1.00    2.10  157.   10.0  301.2    2.0
 20 02 26  57 18  -25.7  0.281 -9.000 -9.000 -999.  358.     73.2  1.00   1.62   1.00    2.10  174.   10.0  300.2    2.0
 20 02 26  57 19  -25.8  0.281 -9.000 -9.000 -999.  357.     72.5  1.00   1.62   1.00    2.10  123.   10.0  298.8    2.0
 20 02 26  57 20  -26.7  0.272 -9.000 -9.000 -999.  340.     63.6  1.00   1.62   1.00    2.10   54.   10.0  297.4    2.0
 20 02 26  57 21  -48.7  0.486 -9.000 -9.000 -999.  812.    199.0  1.00   1.62   1.00    3.10   65.   10.0  296.5    2.0
 20 02 26  57 22  -38.8  0.384 -9.000 -9.000 -999.  579.    123.5  1.00   1.62   1.00    2.60   61.   10.0  295.5    2.0
 20 02 26  57 23  -10.7  0.130 -9.000 -9.000 -999.  205.     17.5  1.00   1.62   1.00    1.50   85.   10.0  294.9    2.0
 20 02 26  57 24  -10.7  0.130 -9.000 -9.000 -999.  114.     17.5  1.00   1.62   1.00    1.50  124.   10.0  294.0    2.0


 First hour of profile data
 YR MO DY HR HEIGHT F  WDIR    WSPD AMB_TMP sigmaA  sigmaW  sigmaV
 20 02 26 01   10.0 1  271.    1.50   294.8   99.0  -99.00  -99.00

 F indicates top of profile (=1) or below (=0)
 *** AERMOD - VERSION  19191 ***   *** my_site                                                              ***        01/19/21
 *** AERMET - VERSION  14134 ***   ***                                                                      ***        15:29:59
                                                                                                                       PAGE   2
 *** MODELOPTs:    NonDFAULT  CONC  FLAT  RURAL

 *** Message Summary : AERMOD Model Execution ***

  --------- Summary of Total Messages --------
  
 A Total of            0 Fatal Error Message(s)
 A Total of            0 Warning Message(s)
 A Total of            0 Informational Message(s)

 A Total of            2 Hours Were Processed

 A Total of            0 Calm Hours Identified

 A Total of            0 Missing Hours Identified (  0.00 Percent)
  
  
    ******** FATAL ERROR MESSAGES ******** 
               ***  NONE  ***         
  
  
    ********   WARNING MESSAGES   ******** 
               ***  NONE  ***        
  
